<?xml version="1.0" encoding="UTF-8"?>
<!-- Generated by org.testng.reporters.JUnitXMLReporter -->
<testsuite hostname="prashant-VAIO" ignored="0" name="Subreddit" tests="3" failures="0" timestamp="01 Mar 2018 16:53:33 GMT" time="29.021" errors="0">
  <testcase name="SearchSubreddit" time="10.922" classname="com.test.subreddit.Subreddit_Test"/>
  <testcase name="login" time="4.442" classname="com.test.subreddit.Subreddit_Test"/>
  <testcase name="votePost" time="0.181" classname="com.test.subreddit.Subreddit_Test"/>
</testsuite> <!-- Subreddit -->
